{"F:\\CODE\\opiece-core\\src\\formatNumberForUnit.ts": {"path":"F:\\CODE\\opiece-core\\src\\formatNumberForUnit.ts","all":false,"statementMap":{"7":{"start":{"line":8,"column":0},"end":{"line":8,"column":75}},"8":{"start":{"line":9,"column":0},"end":{"line":9,"column":46}},"9":{"start":{"line":10,"column":0},"end":{"line":10,"column":16}},"10":{"start":{"line":11,"column":0},"end":{"line":11,"column":17}},"11":{"start":{"line":12,"column":0},"end":{"line":12,"column":6}},"17":{"start":{"line":18,"column":0},"end":{"line":18,"column":29}},"18":{"start":{"line":19,"column":0},"end":{"line":19,"column":73}},"19":{"start":{"line":20,"column":0},"end":{"line":20,"column":5}},"21":{"start":{"line":22,"column":0},"end":{"line":22,"column":26}},"22":{"start":{"line":23,"column":0},"end":{"line":23,"column":1}}},"s":{"7":1,"8":7,"9":7,"10":7,"11":7,"17":7,"18":5,"19":5,"21":2,"22":2},"branchMap":{"0":{"type":"branch","line":8,"loc":{"start":{"line":8,"column":7},"end":{"line":23,"column":1}},"locations":[{"start":{"line":8,"column":7},"end":{"line":23,"column":1}}]},"1":{"type":"branch","line":18,"loc":{"start":{"line":18,"column":28},"end":{"line":20,"column":5}},"locations":[{"start":{"line":18,"column":28},"end":{"line":20,"column":5}}]},"2":{"type":"branch","line":20,"loc":{"start":{"line":20,"column":4},"end":{"line":23,"column":1}},"locations":[{"start":{"line":20,"column":4},"end":{"line":23,"column":1}}]}},"b":{"0":[7],"1":[5],"2":[2]},"fnMap":{"0":{"name":"formatNumberForUnit","decl":{"start":{"line":8,"column":7},"end":{"line":23,"column":1}},"loc":{"start":{"line":8,"column":7},"end":{"line":23,"column":1}},"line":8}},"f":{"0":7}}
}
