{"F:\\CODE\\yt-core\\src\\index.ts": {"path":"F:\\CODE\\yt-core\\src\\index.ts","all":false,"statementMap":{"6":{"start":{"line":7,"column":0},"end":{"line":7,"column":51}},"7":{"start":{"line":8,"column":0},"end":{"line":8,"column":55}},"8":{"start":{"line":9,"column":0},"end":{"line":9,"column":16}},"9":{"start":{"line":10,"column":0},"end":{"line":10,"column":3}},"10":{"start":{"line":11,"column":0},"end":{"line":11,"column":15}},"11":{"start":{"line":12,"column":0},"end":{"line":12,"column":1}}},"s":{"6":3,"7":3,"8":1,"9":1,"10":2,"11":2},"branchMap":{"0":{"type":"branch","line":7,"loc":{"start":{"line":7,"column":0},"end":{"line":12,"column":1}},"locations":[{"start":{"line":7,"column":0},"end":{"line":12,"column":1}}]},"1":{"type":"branch","line":8,"loc":{"start":{"line":8,"column":54},"end":{"line":10,"column":3}},"locations":[{"start":{"line":8,"column":54},"end":{"line":10,"column":3}}]},"2":{"type":"branch","line":10,"loc":{"start":{"line":10,"column":2},"end":{"line":12,"column":1}},"locations":[{"start":{"line":10,"column":2},"end":{"line":12,"column":1}}]}},"b":{"0":[3],"1":[1],"2":[2]},"fnMap":{"0":{"name":"sum","decl":{"start":{"line":7,"column":0},"end":{"line":12,"column":1}},"loc":{"start":{"line":7,"column":0},"end":{"line":12,"column":1}},"line":7}},"f":{"0":3}}
}
